build/app/outputs/mapping/release/mapping.txt
# compiler: R8
# compiler_version: 1.5.64
# min_api: 21
# pg_map_id: 6e882f3
...
androidx.core.app.CoreComponentFactory -> androidx.core.app.CoreComponentFactory:
    java.lang.Object checkCompatWrapper(java.lang.Object) -> a
androidx.core.app.CoreComponentFactory$CompatWrapped -> androidx.core.app.CoreComponentFactory$a:
    java.lang.Object getWrapper() -> a
androidx.core.app.NotificationBuilderWithBuilderAccessor -> androidx.core.app.d:
    android.app.Notification$Builder getBuilder() -> a
androidx.core.app.NotificationCompat -> androidx.core.app.e:
    android.os.Bundle getExtras(android.app.Notification) -> a
androidx.core.app.NotificationCompat$Action -> androidx.core.app.e$a:
    android.os.Bundle mExtras -> a
    android.app.PendingIntent actionIntent -> i
    androidx.core.app.RemoteInput[] mDataOnlyRemoteInputs -> c
    androidx.core.app.RemoteInput[] mRemoteInputs -> b
    boolean mShowsUserInterface -> e
    int mSemanticAction -> f
    int icon -> g
    java.lang.CharSequence title -> h
    boolean mAllowGeneratedReplies -> d
    android.app.PendingIntent getActionIntent() -> a
    boolean getAllowGeneratedReplies() -> b
    androidx.core.app.RemoteInput[] getDataOnlyRemoteInputs() -> c
    android.os.Bundle getExtras() -> d
    int getIcon() -> e
    androidx.core.app.RemoteInput[] getRemoteInputs() -> f
    int getSemanticAction() -> g
    boolean getShowsUserInterface() -> h
    java.lang.CharSequence getTitle() -> i
androidx.core.app.NotificationCompat$BigTextStyle -> androidx.core.app.e$b:
    java.lang.CharSequence mBigText -> e
    void apply(androidx.core.app.NotificationBuilderWithBuilderAccessor) -> a
    androidx.core.app.NotificationCompat$BigTextStyle bigText(java.lang.CharSequence) -> a
androidx.core.app.NotificationCompat$Builder -> androidx.core.app.e$c:
    android.content.Context mContext -> a
    boolean mShowWhen -> m
    int mPriority -> l
    java.lang.String mChannelId -> I
    long mTimeout -> L
    int mGroupAlertBehavior -> M
    java.lang.String mShortcutId -> K
    android.os.Bundle mExtras -> B
    java.lang.CharSequence mContentTitle -> d
    android.widget.RemoteViews mTickerView -> h
    android.widget.RemoteViews mBigContentView -> G
    java.util.ArrayList mInvisibleActions -> c
    android.app.PendingIntent mFullScreenIntent -> g
    java.lang.CharSequence[] mRemoteInputHistory -> q
    int mColor -> C
    java.lang.CharSequence mContentInfo -> j
    boolean mColorized -> y
    android.app.Notification mPublicVersion -> E
    int mProgress -> s
    boolean mUseChronometer -> n
    int mBadgeIcon -> J
    int mNumber -> k
    android.app.Notification mNotification -> N
    android.widget.RemoteViews mHeadsUpContentView -> H
    java.lang.CharSequence mContentText -> e
    boolean mGroupSummary -> v
    int mVisibility -> D
    android.widget.RemoteViews mContentView -> F
    boolean mLocalOnly -> x
    java.util.ArrayList mActions -> b
    android.app.PendingIntent mContentIntent -> f
    java.lang.String mGroupKey -> u
    android.graphics.Bitmap mLargeIcon -> i
    boolean mProgressIndeterminate -> t
    java.lang.String mSortKey -> w
    java.util.ArrayList mPeople -> O
    java.lang.CharSequence mSubText -> p
androidx.core.app.NotificationCompat$Style -> androidx.core.app.e$d:
    java.lang.CharSequence mBigContentTitle -> b
    androidx.core.app.NotificationCompat$Builder mBuilder -> a
    java.lang.CharSequence mSummaryText -> c
    boolean mSummaryTextSet -> d
    void addCompatExtras(android.os.Bundle) -> a
    void apply(androidx.core.app.NotificationBuilderWithBuilderAccessor) -> a
    void setBuilder(androidx.core.app.NotificationCompat$Builder) -> a
    android.widget.RemoteViews makeBigContentView(androidx.core.app.NotificationBuilderWithBuilderAccessor) -> b
    android.widget.RemoteViews makeContentView(androidx.core.app.NotificationBuilderWithBuilderAccessor) -> c
    android.widget.RemoteViews makeHeadsUpContentView(androidx.core.app.NotificationBuilderWithBuilderAccessor) -> d